<?xml version="1.0" encoding="UTF-8"?>
<!-- Generated by org.testng.reporters.JUnitReportReporter -->
<testsuite skipped="0" hostname="Dell_Inspiron_15R_5521" name="testcases.FrontEndTCs" tests="8" failures="0" timestamp="04 Mar 2018 10:17:16 GMT" time="82.417" errors="0">
  <testcase name="isEnabledCommentInput" time="2.198" classname="testcases.FrontEndTCs"/>
  <testcase name="verifyCommentTyped" time="4.268" classname="testcases.FrontEndTCs"/>
  <testcase name="isEnabledStarRating" time="0.466" classname="testcases.FrontEndTCs"/>
  <testcase name="verifyTextForRating" time="1.995" classname="testcases.FrontEndTCs"/>
  <testcase name="verifyPageNavigation" time="65.240" classname="testcases.FrontEndTCs"/>
  <testcase name="verifySendBtnText" time="0.110" classname="testcases.FrontEndTCs"/>
  <testcase name="verifyPageTitle" time="0.058" classname="testcases.FrontEndTCs"/>
  <testcase name="verifyCustomerServiceNavigation" time="8.082" classname="testcases.FrontEndTCs"/>
</testsuite> <!-- testcases.FrontEndTCs -->
