<?xml version="1.0" encoding="UTF-8"?>
<!-- Generated by org.testng.reporters.JUnitReportReporter -->
<testsuite skipped="0" hostname="Dell_Inspiron_15R_5521" name="testcases.TestCases" tests="8" failures="0" timestamp="03 Mar 2018 16:43:29 GMT" time="53.791" errors="0">
  <testcase name="isEnabledCommentInput" time="3.933" classname="testcases.TestCases"/>
  <testcase name="verifyCommentTyped" time="3.690" classname="testcases.TestCases"/>
  <testcase name="isEnabledStarRating" time="0.496" classname="testcases.TestCases"/>
  <testcase name="verifyTextForRating" time="1.976" classname="testcases.TestCases"/>
  <testcase name="verifyPageNavigation" time="39.153" classname="testcases.TestCases"/>
  <testcase name="verifySendBtnText" time="0.123" classname="testcases.TestCases"/>
  <testcase name="verifyPageTitle" time="0.081" classname="testcases.TestCases"/>
  <testcase name="verifyCustomerServiceNavigation" time="4.339" classname="testcases.TestCases"/>
</testsuite> <!-- testcases.TestCases -->
